heap profile: 0: 0 [1993: 442480] @ heap/1048576
0: 0 [45: 720] @ 0x450a1 0x44f6e 0xf7d6c 0xf5c23 0xf2a16 0xf218a 0xf1ce2 0x777f8 0x774c3 0x75eef 0x75d75 0x75789 0x754dd 0x755f6 0x7b7b6 0x6affa 0x6b818 0x5d361
0: 0 [115: 1840] @ 0x777a3 0x774c3 0x75eef 0x75d75 0x75789 0x754dd 0x755f6 0x7b7b6 0x6affa 0x6b818 0x5d361
0: 0 [1833: 439920] @ 0xf1c11 0x777f8 0x774c3 0x75eef 0x75d75 0x75789 0x754dd 0x755f6 0x7b7b6 0x6affa 0x6b818 0x5d361

# runtime.MemStats
# Alloc = 353184
# TotalAlloc = 1043130680
# Sys = 8427768
# Lookups = 4
# Mallocs = 12035845
# Frees = 12031199
# HeapAlloc = 353184
# HeapSys = 4882432
# HeapIdle = 4218880
# HeapInuse = 663552
# HeapReleased = 0
# HeapObjects = 4646
# Stack = 360448 / 360448
# MSpan = 12960 / 98304
# MCache = 4800 / 16384
# BuckHashSys = 1443154
# NextGC = 4194304
# PauseNs = [70160 40345 36820 78196 44673 46520 71051 40523 39406 51614 39776 80140 52351 49787 81136 69212 44879 64748 70738 72401 38491 41847 49602 74466 40888 80595 35274 61742 72419 43579 35426 43054 32746 72992 40925 352844 236410 221366 208482 262053 309603 261880 295004 280862 262609 237166 248076 202949 289869 225663 247912 276072 213451 239831 258417 291180 83599 55833 42925 44310 79081 67026 41190 82263 73894 41830 39429 66118 48438 45353 53818 70878 80499 39547 59966 36906 102852 39766 70327 37321 54304 49437 64933 65947 32750 33866 68680 80353 359670 44729 70012 65503 71019 67491 37079 55878 48881 41658 44530 55879 44638 32998 67338 54992 43454 47158 35419 43056 43909 87522 188181 34095 73152 65262 50324 56114 59385 72878 41120 40359 49119 34852 46634 38794 43669 82626 47663 31027 44237 74093 72611 70241 48080 61510 70696 71814 54942 58845 41242 53596 62790 61187 43747 45409 31375 39922 33797 45154 52760 65710 84510 71715 44004 74032 67840 36816 43232 60345 46997 53442 46745 34230 49458 81243 53089 33154 44668 51026 61085 66377 41678 82547 80915 52078 38001 43159 73495 80841 71652 43613 181554 69841 44437 39781 37119 38187 58107 43079 43286 79809 71171 59814 75705 67874 53634 41777 41420 41444 43263 35388 51222 48440 75075 72433 61182 46329 42849 44315 49602 72608 55510 43365 159786 90285 40383 72720 85821 39878 74027 32338 46958 46313 64470 34724 43613 38110 37277 58306 34889 59238 51839 73462 41923 71574 46778 54120 35932 69473 60463 39846 70572 57176 75590 95232 39051 47106 36681 76165 70244 55520 62361 69682 46123 37992 51920 54902]
# NumGC = 312
# DebugGC = false
