heap profile: 0: 0 [1068: 28496] @ heap/1048576
0: 0 [18: 288] @ 0x44e81 0x44d4e 0x7860d 0x77e42 0x754ae 0x751cd 0x81aba 0x6ac0a 0x6b428 0x5cf71
0: 0 [53: 848] @ 0x44e81 0x44d4e 0x7860d 0x77c87 0x754e9 0x751cd 0x81aba 0x6ac0a 0x6b428 0x5cf71
0: 0 [45: 720] @ 0x44e81 0x44d4e 0x77a1e 0x75565 0x751cd 0x81aba 0x6ac0a 0x6b428 0x5cf71
0: 0 [1: 704] @ 0x994ea 0x993cf 0x9902f 0xd09a1 0xd0ee6 0x6b727 0x6c8c6 0x6b1dd 0x6d0f6 0x80304 0x6ac0a 0x72d6a 0x5cf71
0: 0 [670: 21440] @ 0x44e81 0x44d4e 0x76685 0x75716 0x751cd 0x81aba 0x6ac0a 0x6b428 0x5cf71
0: 0 [281: 4496] @ 0x44e81 0x44d4e 0x76685 0x75716 0x751cd 0x81aba 0x6ac0a 0x6b428 0x5cf71

# runtime.MemStats
# Alloc = 354032
# TotalAlloc = 562444096
# Sys = 8624376
# Lookups = 4
# Mallocs = 97258601
# Frees = 97253956
# HeapAlloc = 354032
# HeapSys = 4915200
# HeapIdle = 4251648
# HeapInuse = 663552
# HeapReleased = 0
# HeapObjects = 4645
# Stack = 327680 / 327680
# MSpan = 12640 / 98304
# MCache = 4800 / 16384
# BuckHashSys = 1443747
# NextGC = 4194304
# PauseNs = [271538 440370 513439 360190 68791 369060 236223 238849 226993 265655 236317 325710 263304 243440 448487 246397 413646 302336 234620 247612 272128 250134 274717 277782 243482 265815 245726 233019 266627 261902 231646 301287 257772 234340 263280 230960 259073 261254 220236 255008 228947 222845 892795 906854 734520 5422161 44470 231581 73896 88752 39438 41186 105885 52972 63210 71335 34626 93072 378157 226162 220809 265207 74362 39900 73138 73144 257360 80770 63114 60911 944419 106141 73256 237614 43379 74296 46273 67592 58173 206940 52946 51823 51475 79555 233388 50498 153769 234242 108537 70625 57088 54105 72662 72418 71758 83926 63331 43948 49127 44983 81537 74348 70580 49913 48832 45130 71258 70981 63577 41134 70646 41768 75307 72929 48931 75319 71544 69421 73905 70613 40680 69647 45511 72144 67531 75354 75646 187823 48596 40574 76691 69571 58195 54002 71074 65214 68065 48445 41265 40109 74813 80792 82299 39664 79067 58000 49133 58341 71604 46535 71702 53224 85039 37934 225811 267847 237616 237559 253849 275767 214807 250350 212404 293869 476982 360489 292604 278294 72622 300048 43171 42383 64766 313336 244082 246599 215714 260320 299663 351441 236217 236929 231105 283734 260840 203243 322767 376319 80889 34807 307934 234075 260232 246131 272802 293850 229467 251037 323704 73085 76060 334496 79319 61300 72299 75048 322731 230461 244102 241888 319024 366452 229333 206430 238573 218640 280235 234323 248371 248588 55574 55697 322660 83137 52930 43098 189064 482286 250153 214183 250289 364134 385970 262824 265259 248578 72338 55094 70784 48469 41254 68321 260131 73786 44216 87092 74790 73276 70731 37088 42189 46618 82409 49999 79283 370853]
# NumGC = 262
# DebugGC = false
